{
  "RSpec": {
    "coverage": {
      "/Users/Alicia/Desktop/CTD/fruber/ride-share-rails/config/environment.rb": [
        null,
        1,
        null,
        null,
        1
      ],
      "/Users/Alicia/Desktop/CTD/fruber/ride-share-rails/config/application.rb": [
        1,
        null,
        1,
        null,
        null,
        null,
        1,
        null,
        1,
        1,
        null,
        1,
        null,
        null,
        null,
        null,
        null,
        1,
        1,
        1,
        null,
        null,
        null,
        null,
        1,
        1,
        1,
        1,
        1,
        1,
        null,
        null,
        null,
        null,
        null,
        null
      ],
      "/Users/Alicia/Desktop/CTD/fruber/ride-share-rails/config/boot.rb": [
        1,
        null,
        1,
        1
      ],
      "/Users/Alicia/Desktop/CTD/fruber/ride-share-rails/config/environments/test.rb": [
        1,
        null,
        null,
        null,
        null,
        null,
        null,
        1,
        null,
        null,
        null,
        null,
        1,
        null,
        null,
        1,
        1,
        null,
        null,
        null,
        null,
        1,
        1,
        null,
        null,
        1,
        null,
        null,
        1,
        null,
        null,
        1,
        null,
        1,
        null,
        null,
        null,
        null,
        1,
        null,
        null,
        1,
        null,
        1,
        null,
        null,
        null
      ],
      "/Users/Alicia/Desktop/CTD/fruber/ride-share-rails/config/initializers/application_controller_renderer.rb": [
        null,
        null,
        null,
        null,
        null,
        null,
        null,
        null
      ],
      "/Users/Alicia/Desktop/CTD/fruber/ride-share-rails/config/initializers/assets.rb": [
        null,
        null,
        null,
        1,
        null,
        null,
        null,
        null,
        1,
        null,
        null,
        null,
        null,
        null
      ],
      "/Users/Alicia/Desktop/CTD/fruber/ride-share-rails/config/initializers/backtrace_silencers.rb": [
        null,
        null,
        null,
        null,
        null,
        null,
        null
      ],
      "/Users/Alicia/Desktop/CTD/fruber/ride-share-rails/config/initializers/content_security_policy.rb": [
        null,
        null,
        null,
        null,
        null,
        null,
        null,
        null,
        null,
        null,
        null,
        null,
        null,
        null,
        null,
        null,
        null,
        null,
        null,
        null,
        null,
        null,
        null,
        null,
        null
      ],
      "/Users/Alicia/Desktop/CTD/fruber/ride-share-rails/config/initializers/cookies_serializer.rb": [
        null,
        null,
        null,
        null,
        1
      ],
      "/Users/Alicia/Desktop/CTD/fruber/ride-share-rails/config/initializers/devise.rb": [
        null,
        null,
        null,
        null,
        1,
        null,
        null,
        null,
        null,
        null,
        null,
        null,
        null,
        null,
        null,
        null,
        null,
        null,
        null,
        null,
        1,
        null,
        null,
        null,
        null,
        null,
        null,
        null,
        null,
        null,
        null,
        null,
        1,
        null,
        null,
        null,
        null,
        null,
        null,
        null,
        null,
        null,
        null,
        null,
        null,
        null,
        null,
        null,
        null,
        null,
        null,
        null,
        null,
        null,
        1,
        null,
        null,
        null,
        null,
        1,
        null,
        null,
        null,
        null,
        null,
        null,
        null,
        null,
        null,
        null,
        null,
        null,
        null,
        null,
        null,
        null,
        null,
        null,
        null,
        null,
        null,
        null,
        null,
        null,
        null,
        null,
        null,
        null,
        null,
        null,
        1,
        null,
        null,
        null,
        null,
        null,
        null,
        null,
        null,
        null,
        null,
        null,
        null,
        null,
        null,
        null,
        null,
        null,
        null,
        null,
        null,
        null,
        null,
        1,
        null,
        null,
        null,
        null,
        null,
        null,
        null,
        null,
        null,
        null,
        null,
        null,
        null,
        null,
        null,
        null,
        null,
        null,
        null,
        null,
        null,
        null,
        null,
        null,
        null,
        null,
        null,
        null,
        null,
        null,
        null,
        null,
        null,
        1,
        null,
        null,
        null,
        null,
        null,
        null,
        null,
        null,
        null,
        1,
        null,
        null,
        null,
        null,
        null,
        null,
        null,
        null,
        null,
        null,
        1,
        null,
        null,
        null,
        null,
        1,
        null,
        null,
        null,
        null,
        null,
        null,
        null,
        null,
        null,
        null,
        null,
        null,
        null,
        null,
        null,
        null,
        null,
        null,
        null,
        null,
        null,
        null,
        null,
        null,
        null,
        null,
        null,
        null,
        null,
        null,
        null,
        null,
        null,
        null,
        null,
        null,
        null,
        null,
        null,
        null,
        1,
        null,
        null,
        null,
        null,
        null,
        null,
        null,
        null,
        null,
        null,
        null,
        null,
        null,
        null,
        null,
        null,
        null,
        null,
        null,
        1,
        null,
        null,
        null,
        null,
        null,
        null,
        null,
        null,
        null,
        null,
        null,
        null,
        null,
        null,
        null,
        null,
        null,
        null,
        null,
        null,
        null,
        1,
        null,
        null,
        null,
        null,
        null,
        null,
        null,
        null,
        null,
        null,
        null,
        null,
        null,
        null,
        null,
        null,
        null,
        null,
        null,
        null,
        null,
        null,
        null,
        null,
        null,
        null,
        null,
        null,
        null,
        null,
        null,
        null,
        null,
        null,
        null,
        null,
        null,
        null,
        null,
        null,
        null,
        null
      ],
      "/Users/Alicia/Desktop/CTD/fruber/ride-share-rails/config/initializers/filter_parameter_logging.rb": [
        null,
        null,
        null,
        1
      ],
      "/Users/Alicia/Desktop/CTD/fruber/ride-share-rails/config/initializers/geocoder.rb": [
        1,
        null,
        null,
        null,
        null,
        null,
        null,
        null,
        null,
        null,
        null,
        null,
        null,
        null,
        null,
        null,
        null,
        null,
        null,
        null,
        null,
        null
      ],
      "/Users/Alicia/Desktop/CTD/fruber/ride-share-rails/config/initializers/inflections.rb": [
        null,
        null,
        null,
        null,
        null,
        null,
        null,
        null,
        null,
        null,
        null,
        null,
        null,
        null,
        null,
        null
      ],
      "/Users/Alicia/Desktop/CTD/fruber/ride-share-rails/config/initializers/kaminari_config.rb": [
        null,
        1,
        1,
        1,
        1,
        null,
        null,
        null,
        null,
        null,
        null,
        null
      ],
      "/Users/Alicia/Desktop/CTD/fruber/ride-share-rails/config/initializers/mime_types.rb": [
        null,
        null,
        null,
        null
      ],
      "/Users/Alicia/Desktop/CTD/fruber/ride-share-rails/config/initializers/swagger.rb": [
        1,
        1,
        1,
        1,
        1
      ],
      "/Users/Alicia/Desktop/CTD/fruber/ride-share-rails/config/initializers/wrap_parameters.rb": [
        null,
        null,
        null,
        null,
        null,
        null,
        1,
        2,
        null,
        null,
        null,
        null,
        null,
        null
      ],
      "/Users/Alicia/Desktop/CTD/fruber/ride-share-rails/spec/factories/driver.rb": [
        1,
        1,
        5,
        9,
        5,
        9,
        9,
        1,
        null,
        null
      ],
      "/Users/Alicia/Desktop/CTD/fruber/ride-share-rails/spec/factories/driver2.rb": [
        1,
        1,
        1,
        1,
        1,
        1,
        1,
        1,
        null,
        null
      ],
      "/Users/Alicia/Desktop/CTD/fruber/ride-share-rails/app/models/driver.rb": [
        1,
        1,
        1,
        1,
        null,
        1,
        null,
        1,
        1,
        1,
        1,
        null,
        null,
        1,
        null,
        1,
        3,
        3,
        3,
        null,
        null,
        1,
        0,
        null,
        null,
        1,
        0,
        0,
        0,
        null,
        null,
        1,
        0,
        null,
        null,
        1,
        1,
        1,
        2,
        null,
        3,
        null,
        null,
        1,
        null,
        null,
        null
      ],
      "/Users/Alicia/Desktop/CTD/fruber/ride-share-rails/app/models/application_record.rb": [
        1,
        1,
        null
      ],
      "/Users/Alicia/Desktop/CTD/fruber/ride-share-rails/spec/factories/location_relationships.rb": [
        1,
        1,
        null,
        null
      ],
      "/Users/Alicia/Desktop/CTD/fruber/ride-share-rails/spec/factories/locations.rb": [
        1,
        1,
        1,
        1,
        1,
        1,
        null,
        null
      ],
      "/Users/Alicia/Desktop/CTD/fruber/ride-share-rails/spec/factories/organizations.rb": [
        1,
        1,
        13,
        17,
        17,
        17,
        17,
        null,
        null,
        1,
        1,
        1,
        1,
        1,
        1,
        null,
        null
      ],
      "/Users/Alicia/Desktop/CTD/fruber/ride-share-rails/app/models/organization.rb": [
        1,
        1,
        1,
        1,
        1,
        null,
        1,
        1,
        null,
        null
      ],
      "/Users/Alicia/Desktop/CTD/fruber/ride-share-rails/spec/factories/recurring_pattern.rb": [
        1,
        1,
        1,
        1,
        0,
        null,
        null,
        null,
        null,
        null,
        null,
        1,
        1,
        1,
        null,
        null,
        null
      ],
      "/Users/Alicia/Desktop/CTD/fruber/ride-share-rails/spec/factories/ride.rb": [
        1,
        1,
        1,
        1,
        1,
        null,
        null,
        null
      ],
      "/Users/Alicia/Desktop/CTD/fruber/ride-share-rails/spec/factories/ride2.rb": [
        1,
        1,
        1,
        1,
        1,
        null,
        null,
        null
      ],
      "/Users/Alicia/Desktop/CTD/fruber/ride-share-rails/spec/factories/rider2.rb": [
        1,
        1,
        1,
        1,
        1,
        1,
        1,
        1,
        null,
        null
      ],
      "/Users/Alicia/Desktop/CTD/fruber/ride-share-rails/spec/factories/riders.rb": [
        1,
        1,
        1,
        1,
        1,
        1,
        1,
        1,
        null,
        null,
        null,
        null,
        null,
        null,
        null,
        null,
        null,
        null,
        null,
        null,
        null
      ],
      "/Users/Alicia/Desktop/CTD/fruber/ride-share-rails/spec/factories/schedule_windows.rb": [
        1,
        1,
        9,
        9,
        9,
        9,
        9,
        1,
        1,
        null,
        null,
        null
      ],
      "/Users/Alicia/Desktop/CTD/fruber/ride-share-rails/spec/factories/tokens.rb": [
        1,
        1,
        1,
        1,
        1,
        1,
        null,
        1,
        null,
        null
      ],
      "/Users/Alicia/Desktop/CTD/fruber/ride-share-rails/spec/factories/users.rb": [
        1,
        1,
        5,
        5,
        null,
        1,
        null,
        null
      ],
      "/Users/Alicia/Desktop/CTD/fruber/ride-share-rails/spec/factories/vehicle.rb": [
        1,
        1,
        5,
        5,
        5,
        5,
        5,
        5,
        5,
        5,
        5,
        null,
        null,
        null
      ],
      "/Users/Alicia/Desktop/CTD/fruber/ride-share-rails/config/routes.rb": [
        1,
        null,
        1,
        1,
        1,
        1,
        1,
        1,
        1,
        null,
        null,
        1,
        1,
        null,
        null,
        1,
        1,
        1,
        null,
        null,
        null,
        1,
        null,
        1,
        null,
        null,
        1,
        1,
        1,
        null,
        1,
        1,
        1,
        1,
        null,
        1,
        null,
        null,
        1,
        1,
        null,
        null,
        1,
        null,
        1,
        null,
        null,
        1,
        1,
        null,
        1,
        1,
        1,
        null,
        null,
        1,
        1,
        1,
        null,
        null,
        null,
        1,
        1,
        1,
        1,
        null,
        null,
        null,
        1,
        null,
        1,
        null,
        1,
        1,
        1,
        1,
        null,
        null,
        null,
        1,
        1,
        null,
        null,
        1,
        1,
        1,
        null,
        null,
        null,
        null
      ],
      "/Users/Alicia/Desktop/CTD/fruber/ride-share-rails/app/models/user.rb": [
        1,
        null,
        null,
        1,
        null,
        null,
        1,
        null
      ],
      "/Users/Alicia/Desktop/CTD/fruber/ride-share-rails/app/models/rider.rb": [
        1,
        1,
        null,
        null,
        1,
        1,
        1,
        null,
        1,
        1,
        null,
        1,
        null,
        1,
        0,
        null,
        null,
        1,
        null,
        null,
        null,
        0,
        null,
        null,
        1,
        0,
        null,
        null,
        1,
        0,
        null,
        null,
        null
      ],
      "/Users/Alicia/Desktop/CTD/fruber/ride-share-rails/app/controllers/api/base.rb": [
        1,
        1,
        1,
        null,
        null
      ],
      "/Users/Alicia/Desktop/CTD/fruber/ride-share-rails/app/controllers/api/v1/base.rb": [
        1,
        null,
        1,
        1,
        1,
        null,
        1,
        1,
        1,
        1,
        1,
        1,
        1,
        1,
        null,
        1,
        null,
        null,
        null,
        null,
        null,
        null,
        null,
        null
      ],
      "/Users/Alicia/Desktop/CTD/fruber/ride-share-rails/app/controllers/api/v1/drivers.rb": [
        null,
        null,
        1,
        1,
        1,
        1,
        null,
        1,
        null,
        null,
        1,
        1,
        3,
        3,
        3,
        3,
        3,
        3,
        3,
        3,
        3,
        null,
        null,
        1,
        0,
        0,
        0,
        0,
        0,
        null,
        null,
        0,
        0,
        null,
        null,
        null,
        1,
        1,
        null,
        null,
        1,
        0,
        0,
        0,
        0,
        null,
        0,
        0,
        0,
        0,
        null,
        null,
        0,
        0,
        null,
        null,
        1,
        1,
        3,
        3,
        3,
        3,
        3,
        3,
        3,
        3,
        null,
        null,
        1,
        0,
        0,
        0,
        0,
        null,
        0,
        0,
        0,
        0,
        null,
        0,
        0,
        null,
        null,
        null,
        null,
        1,
        1,
        null,
        1,
        0,
        0,
        0,
        0,
        null,
        0,
        0,
        0,
        null,
        0,
        0,
        null,
        null,
        null,
        null,
        null,
        null
      ],
      "/Users/Alicia/Desktop/CTD/fruber/ride-share-rails/app/controllers/api/v1/defaults.rb": [
        1,
        1,
        1,
        1,
        null,
        null,
        null,
        1,
        8,
        8,
        8,
        8,
        8,
        null,
        null,
        8,
        24,
        0,
        null,
        null,
        null,
        24,
        0,
        null,
        null,
        null,
        8,
        0,
        null,
        null,
        8,
        0,
        null,
        null,
        null,
        null,
        null
      ],
      "/Users/Alicia/Desktop/CTD/fruber/ride-share-rails/app/controllers/api/v1/session_helpers.rb": [
        1,
        1,
        1,
        null,
        1,
        0,
        null,
        null,
        1,
        0,
        0,
        null,
        0,
        null,
        null,
        null,
        null,
        1,
        0,
        null,
        null,
        null,
        1,
        0,
        0,
        0,
        0,
        0,
        0,
        null,
        0,
        null,
        null,
        null,
        null,
        1,
        0,
        0,
        0,
        0,
        0,
        null,
        0,
        0,
        null,
        null,
        null,
        null,
        1,
        1,
        0,
        0,
        null,
        null,
        1,
        1,
        0,
        0,
        0,
        0,
        null,
        null,
        0,
        null,
        null,
        null,
        null
      ],
      "/Users/Alicia/Desktop/CTD/fruber/ride-share-rails/app/controllers/api/v1/riders.rb": [
        1,
        1,
        1,
        1,
        null,
        1,
        1,
        0,
        0,
        0,
        0,
        null,
        0,
        0,
        null,
        null,
        null,
        null,
        1,
        1,
        3,
        null,
        1,
        0,
        0,
        0,
        0,
        0,
        null,
        0,
        0,
        0,
        null,
        0,
        0,
        null,
        null,
        null,
        null,
        null,
        null
      ],
      "/Users/Alicia/Desktop/CTD/fruber/ride-share-rails/app/controllers/api/v1/rides.rb": [
        1,
        1,
        1,
        1,
        null,
        1,
        1,
        null,
        null,
        1,
        0,
        null,
        null,
        null,
        1,
        1,
        3,
        3,
        3,
        3,
        null,
        3,
        null,
        1,
        0,
        null,
        0,
        0,
        null,
        0,
        0,
        0,
        0,
        0,
        null,
        null,
        0,
        0,
        0,
        0,
        null,
        null,
        null,
        0,
        null,
        null,
        0,
        0,
        0,
        0,
        0,
        null,
        null,
        0,
        0,
        0,
        0,
        0,
        null,
        null,
        null,
        null,
        null,
        null,
        null,
        null,
        0,
        0,
        null,
        null,
        1,
        1,
        3,
        null,
        null,
        1,
        0,
        null,
        0,
        0,
        0,
        0,
        null,
        0,
        0,
        null,
        null,
        null,
        1,
        1,
        3,
        null,
        1,
        0,
        0,
        0,
        0,
        0,
        0,
        null,
        null,
        0,
        0,
        null,
        null,
        null,
        null,
        1,
        1,
        3,
        null,
        1,
        0,
        0,
        0,
        0,
        0,
        0,
        null,
        null,
        0,
        0,
        null,
        null,
        null,
        1,
        1,
        3,
        null,
        1,
        0,
        0,
        0,
        0,
        0,
        0,
        null,
        null,
        0,
        0,
        null,
        null,
        null,
        null,
        1,
        1,
        3,
        null,
        1,
        0,
        0,
        0,
        0,
        0,
        0,
        null,
        null,
        0,
        0,
        null,
        null,
        null,
        1,
        1,
        3,
        null,
        1,
        0,
        0,
        0,
        0,
        0,
        0,
        null,
        null,
        0,
        0,
        null,
        null,
        null,
        null,
        null
      ],
      "/Users/Alicia/Desktop/CTD/fruber/ride-share-rails/app/controllers/api/v1/ride_helpers.rb": [
        1,
        1,
        1,
        1,
        null,
        1,
        0,
        0,
        0,
        0,
        0,
        0,
        0,
        null,
        0,
        null,
        null,
        null,
        null,
        null,
        null,
        null
      ],
      "/Users/Alicia/Desktop/CTD/fruber/ride-share-rails/app/controllers/api/v1/schedule_windows.rb": [
        null,
        1,
        1,
        1,
        1,
        null,
        1,
        null,
        1,
        0,
        null,
        null,
        null,
        null,
        null,
        null,
        null,
        null,
        1,
        1,
        3,
        3,
        null,
        1,
        0,
        0,
        0,
        0,
        0,
        null,
        0,
        null,
        0,
        null,
        null,
        null,
        1,
        1,
        3,
        3,
        3,
        null,
        1,
        0,
        0,
        0,
        0,
        0,
        0,
        null,
        0,
        null,
        0,
        null,
        null,
        null,
        1,
        1,
        3,
        3,
        3,
        3,
        3,
        3,
        null,
        1,
        0,
        null,
        null,
        null,
        0,
        0,
        0,
        0,
        0,
        0,
        null,
        0,
        0,
        null,
        0,
        0,
        null,
        0,
        0,
        null,
        null,
        null,
        null,
        1,
        1,
        3,
        3,
        3,
        3,
        3,
        3,
        null,
        1,
        0,
        null,
        null,
        null,
        0,
        0,
        null,
        0,
        0,
        0,
        null,
        0,
        0,
        null,
        0,
        null,
        0,
        0,
        null,
        0,
        0,
        null,
        null,
        null,
        null,
        1,
        1,
        3,
        null,
        1,
        0,
        0,
        0,
        0,
        null,
        0,
        0,
        null,
        null,
        null,
        null,
        null
      ],
      "/Users/Alicia/Desktop/CTD/fruber/ride-share-rails/app/controllers/api/v1/locations.rb": [
        1,
        1,
        1,
        1,
        1,
        null,
        1,
        0,
        null,
        null,
        null,
        null,
        1,
        1,
        3,
        null,
        1,
        0,
        0,
        0,
        null,
        0,
        null,
        0,
        null,
        null,
        null,
        null,
        1,
        1,
        null,
        1,
        0,
        0,
        0,
        0,
        0,
        null,
        0,
        null,
        0,
        null,
        null,
        null,
        null,
        1,
        1,
        3,
        3,
        3,
        3,
        3,
        null,
        null,
        1,
        0,
        0,
        0,
        0,
        0,
        0,
        0,
        null,
        0,
        0,
        null,
        null,
        null,
        null,
        1,
        1,
        3,
        3,
        3,
        3,
        3,
        3,
        null,
        null,
        null,
        null,
        1,
        null,
        0,
        0,
        0,
        0,
        null,
        0,
        0,
        0,
        0,
        null,
        0,
        0,
        0,
        0,
        0,
        0,
        null,
        0,
        0,
        null,
        null,
        0,
        0,
        0,
        0,
        0,
        null,
        0,
        0,
        null,
        0,
        null,
        null,
        null,
        1,
        1,
        3,
        null,
        1,
        0,
        0,
        0,
        0,
        0,
        null,
        0,
        null,
        0,
        0,
        0,
        0,
        null,
        null,
        0,
        null,
        0,
        null,
        null,
        null,
        null,
        null,
        1,
        1,
        0,
        0,
        null
      ],
      "/Users/Alicia/Desktop/CTD/fruber/ride-share-rails/app/controllers/api/v1/sessions.rb": [
        1,
        1,
        1,
        null,
        1,
        1,
        null,
        null,
        1,
        1,
        3,
        3,
        null,
        1,
        0,
        null,
        null,
        1,
        1,
        null,
        1,
        0,
        null,
        null,
        null,
        null
      ],
      "/Users/Alicia/Desktop/CTD/fruber/ride-share-rails/app/controllers/api/v1/vehicles.rb": [
        1,
        1,
        1,
        1,
        null,
        1,
        null,
        null,
        null,
        1,
        0,
        null,
        null,
        null,
        null,
        null,
        1,
        1,
        3,
        3,
        3,
        3,
        3,
        3,
        3,
        3,
        3,
        3,
        null,
        null,
        1,
        0,
        null,
        0,
        0,
        0,
        null,
        0,
        0,
        0,
        0,
        null,
        0,
        0,
        0,
        null,
        0,
        0,
        null,
        null,
        null,
        null,
        null,
        null,
        1,
        1,
        3,
        null,
        1,
        0,
        0,
        0,
        0,
        null,
        null,
        0,
        0,
        null,
        null,
        null,
        null,
        1,
        1,
        null,
        null,
        1,
        0,
        0,
        0,
        null,
        0,
        0,
        null,
        null,
        null,
        null,
        1,
        1,
        3,
        3,
        3,
        3,
        3,
        3,
        3,
        3,
        3,
        3,
        3,
        null,
        null,
        1,
        0,
        0,
        0,
        0,
        0,
        null,
        0,
        0,
        null,
        null,
        null,
        null,
        1,
        1,
        3,
        null,
        null,
        1,
        0,
        0,
        0,
        0,
        null,
        0,
        0,
        null,
        null,
        null,
        null,
        null
      ],
      "/Users/Alicia/Desktop/CTD/fruber/ride-share-rails/app/controllers/api/v1/organizations.rb": [
        1,
        1,
        1,
        1,
        null,
        1,
        null,
        null,
        null,
        1,
        1,
        null,
        null,
        1,
        0,
        0,
        0,
        0,
        null,
        0,
        0,
        null,
        null,
        null,
        null,
        null
      ],
      "/Users/Alicia/Desktop/CTD/fruber/ride-share-rails/app/helpers/admin_ride_helper.rb": [
        1,
        null
      ],
      "/Users/Alicia/Desktop/CTD/fruber/ride-share-rails/app/helpers/application_helper.rb": [
        1,
        null,
        1,
        1,
        null,
        null,
        1,
        1,
        null,
        null,
        null
      ],
      "/Users/Alicia/Desktop/CTD/fruber/ride-share-rails/app/helpers/drivers_helper.rb": [
        1,
        null
      ],
      "/Users/Alicia/Desktop/CTD/fruber/ride-share-rails/app/helpers/riders_helper.rb": [
        1,
        null
      ],
      "/Users/Alicia/Desktop/CTD/fruber/ride-share-rails/app/helpers/rides_helper.rb": [
        1,
        null
      ],
      "/Users/Alicia/Desktop/CTD/fruber/ride-share-rails/app/helpers/schedule_windows_helper.rb": [
        1,
        null
      ],
      "/Users/Alicia/Desktop/CTD/fruber/ride-share-rails/app/helpers/tokens_helper.rb": [
        1,
        null
      ],
      "/Users/Alicia/Desktop/CTD/fruber/ride-share-rails/app/helpers/vehicles_helper.rb": [
        1,
        null
      ],
      "/Users/Alicia/Desktop/CTD/fruber/ride-share-rails/app/helpers/welcome_helper.rb": [
        1,
        null
      ],
      "/Users/Alicia/Desktop/CTD/fruber/ride-share-rails/spec/support/helpers/session_helpers.rb": [
        null,
        1,
        1,
        1,
        0,
        0,
        0,
        0,
        0,
        null,
        null,
        1,
        3,
        3,
        3,
        null,
        3,
        null,
        null,
        null
      ],
      "/Users/Alicia/Desktop/CTD/fruber/ride-share-rails/app/models/location.rb": [
        1,
        1,
        1,
        null,
        1,
        1,
        1,
        1,
        9,
        1,
        null,
        null,
        1,
        8,
        8,
        null,
        null,
        null,
        1,
        8,
        8,
        null,
        null,
        null,
        1,
        19,
        19,
        null,
        null
      ],
      "/Users/Alicia/Desktop/CTD/fruber/ride-share-rails/app/models/location_relationship.rb": [
        1,
        null,
        1,
        1,
        1,
        1,
        null
      ],
      "/Users/Alicia/Desktop/CTD/fruber/ride-share-rails/app/models/vehicle.rb": [
        1,
        1,
        null,
        1,
        null,
        1,
        1,
        1,
        null,
        null,
        1,
        4,
        0,
        null,
        null,
        null,
        1,
        1,
        null,
        null
      ],
      "/Users/Alicia/Desktop/CTD/fruber/ride-share-rails/app/models/schedule_window.rb": [
        1,
        1,
        1,
        1,
        1,
        1,
        null,
        1,
        1,
        1,
        1,
        1,
        null,
        null,
        null,
        1,
        8,
        0,
        null,
        null,
        8,
        0,
        null,
        null,
        8,
        0,
        null,
        null,
        8,
        0,
        null,
        null,
        null,
        1,
        8,
        8,
        0,
        8,
        0,
        null,
        8,
        null,
        null,
        null,
        null,
        1,
        8,
        8,
        0,
        8,
        0,
        null,
        8,
        null,
        null,
        null,
        null,
        1,
        8,
        8,
        0,
        null,
        null,
        null,
        null,
        1,
        8,
        8,
        0,
        null,
        null,
        null,
        null,
        1,
        2,
        0,
        null,
        2,
        null,
        null,
        null,
        1,
        2,
        2,
        null,
        null,
        null,
        null,
        null,
        null,
        null,
        0,
        null,
        null,
        null,
        1,
        0,
        null,
        0,
        null,
        0,
        null,
        null,
        null,
        1,
        null,
        0,
        0,
        0,
        null,
        0,
        0,
        null,
        0,
        null,
        null,
        0,
        0,
        0,
        null,
        null,
        null,
        null,
        null,
        null,
        0,
        null,
        null,
        0,
        null,
        null,
        null
      ],
      "/Users/Alicia/Desktop/CTD/fruber/ride-share-rails/app/controllers/welcome_controller.rb": [
        1,
        1,
        null,
        1,
        4,
        0,
        4,
        0,
        null,
        null,
        null,
        1,
        0,
        0,
        null,
        null,
        null,
        1,
        3,
        0,
        null,
        null,
        null,
        1,
        null,
        1,
        7,
        null,
        0,
        null,
        3,
        null,
        4,
        null,
        null,
        null,
        null
      ],
      "/Users/Alicia/Desktop/CTD/fruber/ride-share-rails/app/controllers/application_controller.rb": [
        1,
        null,
        null,
        null,
        1,
        null,
        1,
        1,
        null,
        1,
        1,
        12,
        null,
        null,
        null,
        1,
        null,
        3,
        3,
        null,
        0,
        null,
        null,
        null,
        null,
        1,
        0,
        null,
        null,
        null
      ],
      "/Users/Alicia/Desktop/CTD/fruber/ride-share-rails/app/controllers/users/sessions_controller.rb": [
        null,
        null,
        1,
        null,
        null,
        null,
        null,
        null,
        null,
        null,
        null,
        1,
        4,
        3,
        0,
        null,
        null,
        null,
        null,
        null,
        null,
        null,
        null,
        null,
        null,
        null,
        null,
        null,
        null,
        null
      ],
      "/Users/Alicia/Desktop/CTD/fruber/ride-share-rails/app/controllers/drivers_controller.rb": [
        1,
        null,
        1,
        1,
        null,
        1,
        null,
        1,
        0,
        null,
        null,
        1,
        1,
        1,
        1,
        1,
        1,
        1,
        null,
        2,
        3,
        1,
        2,
        null,
        null,
        null,
        1,
        2,
        0,
        2,
        0,
        2,
        0,
        null,
        2,
        null,
        2,
        null,
        null,
        1,
        0,
        0,
        null,
        null,
        1,
        0,
        0,
        0,
        0,
        0,
        null,
        0,
        0,
        0,
        null,
        0,
        0,
        null,
        null,
        null,
        1,
        0,
        0,
        null,
        null,
        1,
        0,
        0,
        null,
        0,
        0,
        0,
        null,
        0,
        null,
        null,
        null,
        null,
        1,
        0,
        0,
        0,
        0,
        0,
        null,
        null,
        null,
        1,
        0,
        0,
        0,
        0,
        0,
        null,
        null,
        null,
        1,
        0,
        0,
        0,
        0,
        0,
        null,
        null,
        null,
        1,
        0,
        0,
        0,
        0,
        0,
        null,
        null,
        1,
        0,
        0,
        0,
        0,
        null,
        0,
        0,
        null,
        0,
        null,
        0,
        null,
        null,
        1,
        1,
        0,
        null,
        null,
        1,
        0,
        0,
        null,
        null,
        null
      ],
      "/Users/Alicia/Desktop/CTD/fruber/ride-share-rails/app/policies/driver_policy.rb": [
        null,
        null,
        1,
        1,
        1,
        null,
        null,
        1,
        8,
        null,
        null
      ],
      "/Users/Alicia/Desktop/CTD/fruber/ride-share-rails/app/policies/application_policy.rb": [
        1,
        1,
        null,
        1,
        1,
        1,
        null,
        null,
        1,
        null,
        0,
        null,
        null,
        1,
        null,
        0,
        null,
        null,
        1,
        0,
        null,
        null,
        1,
        0,
        null,
        null,
        1,
        0,
        null,
        null,
        1,
        0,
        null,
        null,
        1,
        0,
        null,
        null,
        1,
        1,
        null,
        1,
        0,
        0,
        null,
        null,
        1,
        0,
        null,
        null,
        null
      ]
    },
    "timestamp": 1570563992
  }
}
